# JRE version: OpenJDK Runtime Environment (17.0.7) (build 17.0.7+0-b2043.56-10550314)
# Java VM: OpenJDK 64-Bit Server VM (17.0.7+0-b2043.56-10550314, mixed mode, tiered, compressed oops, compressed class ptrs, g1 gc, windows-amd64)
GC Precious Log:
 CPUs: 4 total, 4 available
 Memory: 16267M
 Large Page Support: Disabled
 NUMA Support: Disabled
 Compressed Oops: Enabled (Zero based)
 Heap Region Size: 2M
 Heap Min Capacity: 8M
 Heap Initial Capacity: 256M
 Heap Max Capacity: 4G
 Pre-touch: Disabled
 Parallel Workers: 4
 Concurrent Workers: 1
 Concurrent Refinement Workers: 4
 Periodic GC: Disabled
Heap:
 garbage-first heap   total 309248K, used 182205K [0x0000000700000000, 0x0000000800000000)
  region size 2048K, 34 young (69632K), 9 survivors (18432K)
 Metaspace       used 108485K, committed 109568K, reserved 1179648K
  class space    used 14525K, committed 14976K, reserved 1048576K
GC Heap History (20 events):
Event: 81.975 GC heap before
{Heap before GC invocations=66 (full 0):
 garbage-first heap   total 309248K, used 260360K [0x0000000700000000, 0x0000000800000000)
  region size 2048K, 77 young (157696K), 6 survivors (12288K)
 Metaspace       used 106689K, committed 107584K, reserved 1179648K
  class space    used 14323K, committed 14784K, reserved 1048576K
}
Event: 81.985 GC heap after
{Heap after GC invocations=67 (full 0):
 garbage-first heap   total 309248K, used 117832K [0x0000000700000000, 0x0000000800000000)
  region size 2048K, 6 young (12288K), 6 survivors (12288K)
 Metaspace       used 106689K, committed 107584K, reserved 1179648K
  class space    used 14323K, committed 14784K, reserved 1048576K
}
Event: 82.996 GC heap before
{Heap before GC invocations=67 (full 0):
 garbage-first heap   total 309248K, used 269384K [0x0000000700000000, 0x0000000800000000)
  region size 2048K, 77 young (157696K), 6 survivors (12288K)
 Metaspace       used 106691K, committed 107584K, reserved 1179648K
  class space    used 14324K, committed 14784K, reserved 1048576K
}
Event: 83.004 GC heap after
{Heap after GC invocations=68 (full 0):
 garbage-first heap   total 309248K, used 127136K [0x0000000700000000, 0x0000000800000000)
  region size 2048K, 4 young (8192K), 4 survivors (8192K)
 Metaspace       used 106691K, committed 107584K, reserved 1179648K
  class space    used 14324K, committed 14784K, reserved 1048576K
}
Event: 83.448 GC heap before
{Heap before GC invocations=68 (full 0):
 garbage-first heap   total 309248K, used 264352K [0x0000000700000000, 0x0000000800000000)
  region size 2048K, 72 young (147456K), 4 survivors (8192K)
 Metaspace       used 106694K, committed 107584K, reserved 1179648K
  class space    used 14324K, committed 14784K, reserved 1048576K
}
Event: 83.452 GC heap after
{Heap after GC invocations=69 (full 0):
 garbage-first heap   total 309248K, used 116067K [0x0000000700000000, 0x0000000800000000)
  region size 2048K, 3 young (6144K), 3 survivors (6144K)
 Metaspace       used 106694K, committed 107584K, reserved 1179648K
  class space    used 14324K, committed 14784K, reserved 1048576K
}
Event: 83.884 GC heap before
{Heap before GC invocations=69 (full 0):
 garbage-first heap   total 309248K, used 267619K [0x0000000700000000, 0x0000000800000000)
  region size 2048K, 77 young (157696K), 3 survivors (6144K)
 Metaspace       used 106699K, committed 107584K, reserved 1179648K
  class space    used 14324K, committed 14784K, reserved 1048576K
}
Event: 83.888 GC heap after
{Heap after GC invocations=70 (full 0):
 garbage-first heap   total 309248K, used 118262K [0x0000000700000000, 0x0000000800000000)
  region size 2048K, 4 young (8192K), 4 survivors (8192K)
 Metaspace       used 106699K, committed 107584K, reserved 1179648K
  class space    used 14324K, committed 14784K, reserved 1048576K
}
Event: 84.232 GC heap before
{Heap before GC invocations=70 (full 0):
 garbage-first heap   total 309248K, used 265718K [0x0000000700000000, 0x0000000800000000)
  region size 2048K, 76 young (155648K), 4 survivors (8192K)
 Metaspace       used 106700K, committed 107584K, reserved 1179648K
  class space    used 14324K, committed 14784K, reserved 1048576K
}
Event: 84.236 GC heap after
{Heap after GC invocations=71 (full 0):
 garbage-first heap   total 309248K, used 117169K [0x0000000700000000, 0x0000000800000000)
  region size 2048K, 3 young (6144K), 3 survivors (6144K)
 Metaspace       used 106700K, committed 107584K, reserved 1179648K
  class space    used 14324K, committed 14784K, reserved 1048576K
}
Event: 84.681 GC heap before
{Heap before GC invocations=71 (full 0):
 garbage-first heap   total 309248K, used 266673K [0x0000000700000000, 0x0000000800000000)
  region size 2048K, 77 young (157696K), 3 survivors (6144K)
 Metaspace       used 106701K, committed 107584K, reserved 1179648K
  class space    used 14324K, committed 14784K, reserved 1048576K
}
Event: 84.685 GC heap after
{Heap after GC invocations=72 (full 0):
 garbage-first heap   total 309248K, used 117133K [0x0000000700000000, 0x0000000800000000)
  region size 2048K, 3 young (6144K), 3 survivors (6144K)
 Metaspace       used 106701K, committed 107584K, reserved 1179648K
  class space    used 14324K, committed 14784K, reserved 1048576K
}
Event: 86.614 GC heap before
{Heap before GC invocations=72 (full 0):
 garbage-first heap   total 309248K, used 268685K [0x0000000700000000, 0x0000000800000000)
  region size 2048K, 77 young (157696K), 3 survivors (6144K)
 Metaspace       used 106752K, committed 107712K, reserved 1179648K
  class space    used 14333K, committed 14784K, reserved 1048576K
}
Event: 86.616 GC heap after
{Heap after GC invocations=73 (full 0):
 garbage-first heap   total 309248K, used 112673K [0x0000000700000000, 0x0000000800000000)
  region size 2048K, 1 young (2048K), 1 survivors (2048K)
 Metaspace       used 106752K, committed 107712K, reserved 1179648K
  class space    used 14333K, committed 14784K, reserved 1048576K
}
Event: 87.618 GC heap before
{Heap before GC invocations=73 (full 0):
 garbage-first heap   total 309248K, used 268321K [0x0000000700000000, 0x0000000800000000)
  region size 2048K, 77 young (157696K), 1 survivors (2048K)
 Metaspace       used 106752K, committed 107712K, reserved 1179648K
  class space    used 14333K, committed 14784K, reserved 1048576K
}
Event: 87.620 GC heap after
{Heap after GC invocations=74 (full 0):
 garbage-first heap   total 309248K, used 113073K [0x0000000700000000, 0x0000000800000000)
  region size 2048K, 1 young (2048K), 1 survivors (2048K)
 Metaspace       used 106752K, committed 107712K, reserved 1179648K
  class space    used 14333K, committed 14784K, reserved 1048576K
}
Event: 88.612 GC heap before
{Heap before GC invocations=74 (full 0):
 garbage-first heap   total 309248K, used 268721K [0x0000000700000000, 0x0000000800000000)
  region size 2048K, 77 young (157696K), 1 survivors (2048K)
 Metaspace       used 106752K, committed 107712K, reserved 1179648K
  class space    used 14333K, committed 14784K, reserved 1048576K
}
Event: 88.614 GC heap after
{Heap after GC invocations=75 (full 0):
 garbage-first heap   total 309248K, used 111463K [0x0000000700000000, 0x0000000800000000)
  region size 2048K, 1 young (2048K), 1 survivors (2048K)
 Metaspace       used 106752K, committed 107712K, reserved 1179648K
  class space    used 14333K, committed 14784K, reserved 1048576K
}
Event: 92.973 GC heap before
{Heap before GC invocations=75 (full 0):
 garbage-first heap   total 309248K, used 273255K [0x0000000700000000, 0x0000000800000000)
  region size 2048K, 77 young (157696K), 1 survivors (2048K)
 Metaspace       used 108078K, committed 109120K, reserved 1179648K
  class space    used 14511K, committed 14976K, reserved 1048576K
}
Event: 92.993 GC heap after
{Heap after GC invocations=76 (full 0):
 garbage-first heap   total 309248K, used 135101K [0x0000000700000000, 0x0000000800000000)
  region size 2048K, 9 young (18432K), 9 survivors (18432K)
 Metaspace       used 108078K, committed 109120K, reserved 1179648K
  class space    used 14511K, committed 14976K, reserved 1048576K
}

